<?xml version="1.0" encoding="UTF-8"?>
<!-- Generated by org.testng.reporters.JUnitXMLReporter -->
<testsuite ignored="0" hostname="DESKTOP-1MVVLM6" failures="0" tests="3" name="Command line test" time="0.139" errors="0" timestamp="2024-04-25T23:26:35 WEST">
  <testcase classname="ap.PersonSetTest" name="testAddExistingPerson" time="0.025"/>
  <testcase classname="ap.PersonSetTest" name="testAddPerson" time="0.0"/>
  <testcase classname="ap.PersonSetTest" name="testAddPersonToFullSet" time="0.0"/>
</testsuite> <!-- Command line test -->
